<?xml version="1.0" encoding="UTF-8"?>
<!-- Generated by org.testng.reporters.JUnitReportReporter -->
<testsuite hostname="Sathiya" name="LoginPackage.LoginTest" tests="1" failures="0" timestamp="25 Apr 2021 09:41:13 GMT" time="28.618" errors="0">
  <testcase name="VerifyResetPassword" time="28.618" classname="LoginPackage.LoginTest"/>
</testsuite> <!-- LoginPackage.LoginTest -->
